0 info it worked if it ends with ok
1 verbose cli [ '/Users/pengxiaolong/.nvm/versions/node/v4.0.0/bin/node',
1 verbose cli   '/Users/pengxiaolong/.nvm/versions/node/v4.0.0/bin/npm',
1 verbose cli   'publish' ]
2 info using npm@2.14.2
3 info using node@v4.0.0
4 verbose publish [ '.' ]
5 silly cache add args [ '.', null ]
6 verbose cache add spec .
7 silly cache add parsed spec Result {
7 silly cache add   raw: '.',
7 silly cache add   scope: null,
7 silly cache add   name: null,
7 silly cache add   rawSpec: '.',
7 silly cache add   spec: '/Users/pengxiaolong/Desktop/tmp/gulp-version-patch',
7 silly cache add   type: 'directory' }
8 verbose addLocalDirectory /Users/pengxiaolong/.npm/gulp-version-patch/0.3.3/package.tgz not in flight; packing
9 verbose tar pack [ '/Users/pengxiaolong/.npm/gulp-version-patch/0.3.3/package.tgz',
9 verbose tar pack   '/Users/pengxiaolong/Desktop/tmp/gulp-version-patch' ]
10 verbose tarball /Users/pengxiaolong/.npm/gulp-version-patch/0.3.3/package.tgz
11 verbose folder /Users/pengxiaolong/Desktop/tmp/gulp-version-patch
12 info prepublish gulp-version-patch@0.3.3
13 verbose addLocalTarball adding from inside cache /Users/pengxiaolong/.npm/gulp-version-patch/0.3.3/package.tgz
14 silly cache afterAdd gulp-version-patch@0.3.3
15 verbose afterAdd /Users/pengxiaolong/.npm/gulp-version-patch/0.3.3/package/package.json not in flight; writing
16 verbose afterAdd /Users/pengxiaolong/.npm/gulp-version-patch/0.3.3/package/package.json written
17 silly publish { name: 'gulp-version-patch',
17 silly publish   version: '0.3.3',
17 silly publish   description: 'A gulp plugin which patches the version of included files within html and css file',
17 silly publish   main: 'index.js',
17 silly publish   scripts: { start: 'echo "Error: no test specified" && exit 1' },
17 silly publish   repository:
17 silly publish    { type: 'git',
17 silly publish      url: 'git+https://github.com/wheelo/gulp-version-patch.git' },
17 silly publish   keywords: [ 'gulp', 'update', 'plugin', 'md5', 'patch', 'version' ],
17 silly publish   dependencies: { gulp: '^3.8.11', 'gulp-util': '^3.0.0', through2: '^0.6.1' },
17 silly publish   author: { name: 'wheelo' },
17 silly publish   license: 'MIT',
17 silly publish   bugs: { url: 'https://github.com/wheelo/gulp-version-patch/issues' },
17 silly publish   homepage: 'https://github.com/wheelo/gulp-version-patch',
17 silly publish   readme: '## gulp-version-patch\r\n\r\nA gulp plugin which patches the version of included resource files in html & css file\r\n\r\n## Installation\r\n\r\n```bash\r\nnpm install gulp-version-patch\r\n```\r\n\r\n## Usage\r\n\r\n```js\r\nvar gulp = require(\'gulp\');\r\nvar versionPatch = require(\'gulp-version-patch\');\r\n\r\ngulp.task(\'rev\',function() {\r\n    gulp.src("./test/test.html")\r\n        .pipe(versionPatch())\r\n        .pipe(gulp.dest(\'./\'));\r\n});\r\n```\r\n\r\n## Notice\r\nthe file generated will have the shape of `?v=abcd123` as suffix.\r\n\r\n## Options\r\n\r\n### patchMode: control the patch mode\r\nThis package includes 4 version patch modes, either the following 4 types could be patched: script, stylesheet, image, background. \r\n\r\n* 0: patch all above four patched types in both html and css\r\n* 1: not include the image resource patched process\r\n* 2: only ipatch the script and css in html \r\n* 3: only patch the script in html \r\n\r\n#### default: 0\r\nuse it with the param { patchMode: TYPE }, the `TYPE` is either `0, 1, 2, 3, 4`\r\n\r\n## Example\r\n\r\n```js\r\nvar gulp = require(\'gulp\');\r\nvar versionPatch = require(\'gulp-version-patch\');\r\n// will not patch the image resource\r\ngulp.task(\'patch\',[\'patchCss\'],function() {\r\n    gulp.src("./test/test.html")\r\n        .pipe(versionPatch({ patchMode: 1 }))\r\n        .pipe(gulp.dest(\'./dest\'));\r\n});\r\n\r\ngulp.task(\'patchCss\',function () {\r\n    return gulp.src(\'./test/styles/test.css\')\r\n        .pipe(versionPatch())\r\n        .pipe(gulp.dest(\'./dest/styles/\'))\r\n});\r\n\r\ngulp.task(\'default\',[\'patch\']);\r\n```\r\n\r\n\r\n',
17 silly publish   readmeFilename: 'README.md',
17 silly publish   gitHead: 'eca9076d61df83a5055b3af46cb17748a71d5b8e',
17 silly publish   _id: 'gulp-version-patch@0.3.3',
17 silly publish   _shasum: '0b7bbceb11c7a820d9ac30aa0243152d934f5513',
17 silly publish   _from: '.' }
18 verbose getPublishConfig undefined
19 silly mapToRegistry name gulp-version-patch
20 silly mapToRegistry using default registry
21 silly mapToRegistry registry https://registry.npmjs.org/
22 silly mapToRegistry uri https://registry.npmjs.org/gulp-version-patch
23 verbose publish registryBase https://registry.npmjs.org/
24 silly publish uploading /Users/pengxiaolong/.npm/gulp-version-patch/0.3.3/package.tgz
25 verbose request uri https://registry.npmjs.org/gulp-version-patch
26 verbose request sending authorization for write operation
27 info attempt registry request try #1 at 15:52:43
28 verbose request using bearer token for auth
29 verbose request id 2b62bea26ffe96e5
30 http request PUT https://registry.npmjs.org/gulp-version-patch
31 http 403 https://registry.npmjs.org/gulp-version-patch
32 verbose headers { 'content-type': 'application/json',
32 verbose headers   'cache-control': 'max-age=300',
32 verbose headers   'content-length': '95',
32 verbose headers   'accept-ranges': 'bytes',
32 verbose headers   date: 'Thu, 22 Dec 2016 07:52:44 GMT',
32 verbose headers   via: '1.1 varnish',
32 verbose headers   connection: 'keep-alive',
32 verbose headers   'x-served-by': 'cache-itm7427-ITM',
32 verbose headers   'x-cache': 'MISS',
32 verbose headers   'x-cache-hits': '0',
32 verbose headers   'x-timer': 'S1482393164.329064,VS0,VE595',
32 verbose headers   vary: 'Accept-Encoding' }
33 verbose request invalidating /Users/pengxiaolong/.npm/registry.npmjs.org/gulp-version-patch on PUT
34 error publish Failed PUT 403
35 verbose stack Error: "You cannot publish over the previously published version 0.3.3." : gulp-version-patch
35 verbose stack     at makeError (/Users/pengxiaolong/.nvm/versions/node/v4.0.0/lib/node_modules/npm/node_modules/npm-registry-client/lib/request.js:263:12)
35 verbose stack     at CachingRegistryClient.<anonymous> (/Users/pengxiaolong/.nvm/versions/node/v4.0.0/lib/node_modules/npm/node_modules/npm-registry-client/lib/request.js:251:14)
35 verbose stack     at Request._callback (/Users/pengxiaolong/.nvm/versions/node/v4.0.0/lib/node_modules/npm/node_modules/npm-registry-client/lib/request.js:171:14)
35 verbose stack     at Request.self.callback (/Users/pengxiaolong/.nvm/versions/node/v4.0.0/lib/node_modules/npm/node_modules/request/request.js:198:22)
35 verbose stack     at emitTwo (events.js:87:13)
35 verbose stack     at Request.emit (events.js:172:7)
35 verbose stack     at Request.<anonymous> (/Users/pengxiaolong/.nvm/versions/node/v4.0.0/lib/node_modules/npm/node_modules/request/request.js:1073:14)
35 verbose stack     at emitOne (events.js:82:20)
35 verbose stack     at Request.emit (events.js:169:7)
35 verbose stack     at IncomingMessage.<anonymous> (/Users/pengxiaolong/.nvm/versions/node/v4.0.0/lib/node_modules/npm/node_modules/request/request.js:1019:12)
36 verbose statusCode 403
37 verbose pkgid gulp-version-patch
38 verbose cwd /Users/pengxiaolong/Desktop/tmp/gulp-version-patch
39 error Darwin 15.4.0
40 error argv "/Users/pengxiaolong/.nvm/versions/node/v4.0.0/bin/node" "/Users/pengxiaolong/.nvm/versions/node/v4.0.0/bin/npm" "publish"
41 error node v4.0.0
42 error npm  v2.14.2
43 error code E403
44 error "You cannot publish over the previously published version 0.3.3." : gulp-version-patch
45 error If you need help, you may report this error at:
45 error     <https://github.com/npm/npm/issues>
46 verbose exit [ 1, true ]
